"../../../Engine/Content/EditorResources/S_Actor.uasset" 0
"../../../Engine/Content/EditorResources/S_Actor.ubulk" 1
"../../../Engine/Content/EditorResources/S_Actor.uexp" 2
"../../../Engine/Content/EditorResources/S_BoxReflectionCapture.uasset" 3
"../../../Engine/Content/EditorResources/S_BoxReflectionCapture.uexp" 4
"../../../Engine/Content/EngineResources/DefaultTextureCube.uasset" 5
"../../../Engine/Content/EngineResources/DefaultTextureCube.uexp" 6
"../../../Engine/Content/EngineResources/DefaultVolumeTexture2D.uasset" 7
"../../../Engine/Content/EngineResources/DefaultVolumeTexture2D.uexp" 8
"../../../Engine/Content/EngineResources/DefaultVolumeTexture.uasset" 9
"../../../Engine/Content/EngineResources/DefaultVolumeTexture.uexp" 10
"../../../Engine/Content/EditorResources/S_Trigger.uasset" 11
"../../../Engine/Content/EditorResources/S_Trigger.ubulk" 12
"../../../Engine/Content/EditorResources/S_Trigger.uexp" 13
"../../../Engine/Content/EditorResources/S_TriggerBox.uasset" 14
"../../../Engine/Content/EditorResources/S_TriggerBox.uexp" 15
"../../../Engine/Content/EditorResources/S_TriggerCapsule.uasset" 16
"../../../Engine/Content/EditorResources/S_TriggerCapsule.uexp" 17
"../../../Engine/Content/EditorResources/S_TriggerSphere.uasset" 18
"../../../Engine/Content/EditorResources/S_TriggerSphere.uexp" 19
"../../../Engine/Content/EngineMeshes/Sphere.uasset" 20
"../../../Engine/Content/EngineMeshes/Sphere.ubulk" 21
"../../../Engine/Content/EngineMeshes/Sphere.uexp" 22
"../../../Engine/Content/EngineResources/GradientTexture0.uasset" 23
"../../../Engine/Content/EngineResources/GradientTexture0.uexp" 24
"../../../Engine/Content/EngineResources/Black.uasset" 25
"../../../Engine/Content/EngineResources/Black.uexp" 26
"../../../Engine/Content/VREditor/LaserPointer/VR_LaserPower_01.uasset" 27
"../../../Engine/Content/VREditor/LaserPointer/VR_LaserPower_01.ubulk" 28
"../../../Engine/Content/VREditor/LaserPointer/VR_LaserPower_01.uexp" 29
"../../../Engine/Content/VREditor/TransformGizmo/TransformGizmoMaterial.uasset" 30
"../../../Engine/Content/VREditor/TransformGizmo/TransformGizmoMaterial.uexp" 31
"../../../Engine/Content/VREditor/TransformGizmo/TranslucentTransformGizmoMaterial.uasset" 32
"../../../Engine/Content/VREditor/TransformGizmo/TranslucentTransformGizmoMaterial.uexp" 33
"../../../Engine/Content/VREditor/TransformGizmo/BoundingBoxCorner.uasset" 34
"../../../Engine/Content/VREditor/TransformGizmo/BoundingBoxCorner.ubulk" 35
"../../../Engine/Content/VREditor/TransformGizmo/BoundingBoxCorner.uexp" 36
"../../../Engine/Content/VREditor/TransformGizmo/BoundingBoxEdge.uasset" 37
"../../../Engine/Content/VREditor/TransformGizmo/BoundingBoxEdge.ubulk" 38
"../../../Engine/Content/VREditor/TransformGizmo/BoundingBoxEdge.uexp" 39
"../../../Engine/Content/VREditor/TransformGizmo/Main.uasset" 40
"../../../Engine/Content/VREditor/TransformGizmo/Main.uexp" 41
"../../../Engine/Content/VREditor/TransformGizmo/Xray.uasset" 42
"../../../Engine/Content/VREditor/TransformGizmo/Xray.uexp" 43
"../../../Engine/Content/VREditor/TransformGizmo/SM_Sequencer_Node.uasset" 44
"../../../Engine/Content/VREditor/TransformGizmo/SM_Sequencer_Node.ubulk" 45
"../../../Engine/Content/VREditor/TransformGizmo/SM_Sequencer_Node.uexp" 46
"../../../Engine/Content/EditorResources/S_Solver.uasset" 47
"../../../Engine/Content/EditorResources/S_Solver.ubulk" 48
"../../../Engine/Content/EditorResources/S_Solver.uexp" 49
"../../../Engine/Content/EditorMaterials/Camera/CineMat.uasset" 50
"../../../Engine/Content/EditorMaterials/Camera/CineMat.uexp" 51
"../../../Engine/Content/EditorMaterials/Camera/MI_CineMat_Rig.uasset" 52
"../../../Engine/Content/EditorMaterials/Camera/MI_CineMat_Rig.uexp" 53
"../../../Engine/Content/EditorMeshes/Camera/SM_CraneRig_Base.uasset" 54
"../../../Engine/Content/EditorMeshes/Camera/SM_CraneRig_Base.ubulk" 55
"../../../Engine/Content/EditorMeshes/Camera/SM_CraneRig_Base.uexp" 56
"../../../Engine/Content/EditorMeshes/Camera/SM_CraneRig_Arm.uasset" 57
"../../../Engine/Content/EditorMeshes/Camera/SM_CraneRig_Arm.ubulk" 58
"../../../Engine/Content/EditorMeshes/Camera/SM_CraneRig_Arm.uexp" 59
"../../../Engine/Content/EditorMeshes/Camera/SM_CraneRig_Mount.uasset" 60
"../../../Engine/Content/EditorMeshes/Camera/SM_CraneRig_Mount.ubulk" 61
"../../../Engine/Content/EditorMeshes/Camera/SM_CraneRig_Mount.uexp" 62
"../../../Engine/Content/EditorMeshes/Camera/SM_CraneRig_Body.uasset" 63
"../../../Engine/Content/EditorMeshes/Camera/SM_CraneRig_Body.ubulk" 64
"../../../Engine/Content/EditorMeshes/Camera/SM_CraneRig_Body.uexp" 65
"../../../Engine/Content/EditorMeshes/Camera/SM_RailRig_Track.uasset" 66
"../../../Engine/Content/EditorMeshes/Camera/SM_RailRig_Track.ubulk" 67
"../../../Engine/Content/EditorMeshes/Camera/SM_RailRig_Track.uexp" 68
"../../../Engine/Content/EditorMeshes/Camera/SM_RailRig_Mount.uasset" 69
"../../../Engine/Content/EditorMeshes/Camera/SM_RailRig_Mount.ubulk" 70
"../../../Engine/Content/EditorMeshes/Camera/SM_RailRig_Mount.uexp" 71
"../../../Engine/Content/EngineMaterials/T_Default_Material_Grid_M.uasset" 72
"../../../Engine/Content/EngineMaterials/T_Default_Material_Grid_M.ubulk" 73
"../../../Engine/Content/EngineMaterials/T_Default_Material_Grid_M.uexp" 74
"../../../Engine/Content/EngineMaterials/T_Default_Material_Grid_N.uasset" 75
"../../../Engine/Content/EngineMaterials/T_Default_Material_Grid_N.ubulk" 76
"../../../Engine/Content/EngineMaterials/T_Default_Material_Grid_N.uexp" 77
"../../../Engine/Content/Functions/Engine_MaterialFunctions01/Opacity/CameraDepthFade.uasset" 78
"../../../Engine/Content/Functions/Engine_MaterialFunctions01/Opacity/CameraDepthFade.uexp" 79
"../../../Engine/Content/EngineMaterials/WorldGridMaterial.uasset" 80
"../../../Engine/Content/EngineMaterials/WorldGridMaterial.uexp" 81
"../../../Engine/Content/ArtTools/RenderToTexture/Meshes/S_1_Unit_Plane.uasset" 82
"../../../Engine/Content/ArtTools/RenderToTexture/Meshes/S_1_Unit_Plane.ubulk" 83
"../../../Engine/Content/ArtTools/RenderToTexture/Meshes/S_1_Unit_Plane.uexp" 84
"../../../Engine/Content/EditorMaterials/ParticleSystems/PSysThumbnail_NoImage.uasset" 85
"../../../Engine/Content/EditorMaterials/ParticleSystems/PSysThumbnail_NoImage.ubulk" 86
"../../../Engine/Content/EditorMaterials/ParticleSystems/PSysThumbnail_NoImage.uexp" 87
"../../../Engine/Content/EditorMaterials/ParticleSystems/PSysThumbnail_OOD.uasset" 88
"../../../Engine/Content/EditorMaterials/ParticleSystems/PSysThumbnail_OOD.ubulk" 89
"../../../Engine/Content/EditorMaterials/ParticleSystems/PSysThumbnail_OOD.uexp" 90
"../../../Engine/Content/EditorLandscapeResources/SplineEditorMeshMat.uasset" 91
"../../../Engine/Content/EditorLandscapeResources/SplineEditorMeshMat.uexp" 92
"../../../Engine/Content/EditorLandscapeResources/SplineEditorMesh.uasset" 93
"../../../Engine/Content/EditorLandscapeResources/SplineEditorMesh.ubulk" 94
"../../../Engine/Content/EditorLandscapeResources/SplineEditorMesh.uexp" 95
"../../../Engine/Plugins/Media/MediaPlate/Content/SM_MediaPlateScreen.uasset" 96
"../../../Engine/Plugins/Media/MediaPlate/Content/SM_MediaPlateScreen.ubulk" 97
"../../../Engine/Plugins/Media/MediaPlate/Content/SM_MediaPlateScreen.uexp" 98
"../../../Engine/Content/EngineMaterials/DefaultBokeh.uasset" 99
"../../../Engine/Content/EngineMaterials/DefaultBokeh.uexp" 100
"../../../Engine/Content/EngineMaterials/MiniFont.uasset" 101
"../../../Engine/Content/EngineMaterials/MiniFont.uexp" 102
"../../../Engine/Content/EngineMaterials/WeightMapPlaceholderTexture.uasset" 103
"../../../Engine/Content/EngineMaterials/WeightMapPlaceholderTexture.uexp" 104
"../../../Engine/Content/EngineMaterials/WeightMapArrayPlaceholderTexture.uasset" 105
"../../../Engine/Content/EngineMaterials/WeightMapArrayPlaceholderTexture.uexp" 106
"../../../Engine/Content/EngineMaterials/DefaultWhiteGrid.uasset" 107
"../../../Engine/Content/EngineMaterials/DefaultWhiteGrid.ubulk" 108
"../../../Engine/Content/EngineMaterials/DefaultWhiteGrid.uexp" 109
"../../../Engine/Content/EngineMaterials/PreintegratedSkinBRDF.uasset" 110
"../../../Engine/Content/EngineMaterials/PreintegratedSkinBRDF.uexp" 111
"../../../Engine/Plugins/Runtime/AR/ARUtilities/Content/Materials/DummyExternalTexture.uasset" 112
"../../../Engine/Plugins/Runtime/AR/ARUtilities/Content/Materials/DummyExternalTexture.uexp" 113
"../../../Engine/Content/EngineResources/DefaultTexture.uasset" 114
"../../../Engine/Content/EngineResources/DefaultTexture.ubulk" 115
"../../../Engine/Content/EngineResources/DefaultTexture.uexp" 116
"../../../Engine/Plugins/Runtime/AR/Google/GoogleARCore/Content/M_SceneDepthOcclusion.uasset" 117
"../../../Engine/Plugins/Runtime/AR/Google/GoogleARCore/Content/M_SceneDepthOcclusion.uexp" 118
"D:/Unreal/EDU-ARTour/EDU-ARTour/EDUARTour/Content/Battlebot/Blueprints/BattlebotState.uasset" 119
"D:/Unreal/EDU-ARTour/EDU-ARTour/EDUARTour/Content/Battlebot/Blueprints/BattlebotState.uexp" 120
"D:/Unreal/EDU-ARTour/EDU-ARTour/EDUARTour/Content/Battlebot/Assets/Battlebot/Material_002.uasset" 121
"D:/Unreal/EDU-ARTour/EDU-ARTour/EDUARTour/Content/Battlebot/Assets/Battlebot/Material_002.uexp" 122
"D:/Unreal/EDU-ARTour/EDU-ARTour/EDUARTour/Content/Battlebot/Assets/Battlebot/Material_005.uasset" 123
"D:/Unreal/EDU-ARTour/EDU-ARTour/EDUARTour/Content/Battlebot/Assets/Battlebot/Material_005.uexp" 124
"D:/Unreal/EDU-ARTour/EDU-ARTour/EDUARTour/Content/Battlebot/Assets/Battlebot/Material_008.uasset" 125
"D:/Unreal/EDU-ARTour/EDU-ARTour/EDUARTour/Content/Battlebot/Assets/Battlebot/Material_008.uexp" 126
"D:/Unreal/EDU-ARTour/EDU-ARTour/EDUARTour/Content/Battlebot/Assets/Battlebot/Material_010.uasset" 127
"D:/Unreal/EDU-ARTour/EDU-ARTour/EDUARTour/Content/Battlebot/Assets/Battlebot/Material_010.uexp" 128
"D:/Unreal/EDU-ARTour/EDU-ARTour/EDUARTour/Content/Battlebot/Assets/Battlebot/Material_006.uasset" 129
"D:/Unreal/EDU-ARTour/EDU-ARTour/EDUARTour/Content/Battlebot/Assets/Battlebot/Material_006.uexp" 130
"D:/Unreal/EDU-ARTour/EDU-ARTour/EDUARTour/Content/Battlebot/Assets/Battlebot/Material_001.uasset" 131
"D:/Unreal/EDU-ARTour/EDU-ARTour/EDUARTour/Content/Battlebot/Assets/Battlebot/Material_001.uexp" 132
"D:/Unreal/EDU-ARTour/EDU-ARTour/EDUARTour/Content/Battlebot/Assets/Battlebot/Material_009.uasset" 133
"D:/Unreal/EDU-ARTour/EDU-ARTour/EDUARTour/Content/Battlebot/Assets/Battlebot/Material_009.uexp" 134
"D:/Unreal/EDU-ARTour/EDU-ARTour/EDUARTour/Content/Battlebot/Assets/Battlebot/Material_003.uasset" 135
"D:/Unreal/EDU-ARTour/EDU-ARTour/EDUARTour/Content/Battlebot/Assets/Battlebot/Material_003.uexp" 136
"D:/Unreal/EDU-ARTour/EDU-ARTour/EDUARTour/Content/Battlebot/Assets/Battlebot/Material_007.uasset" 137
"D:/Unreal/EDU-ARTour/EDU-ARTour/EDUARTour/Content/Battlebot/Assets/Battlebot/Material_007.uexp" 138
"D:/Unreal/EDU-ARTour/EDU-ARTour/EDUARTour/Content/Battlebot/Assets/Battlebot/Material.uasset" 139
"D:/Unreal/EDU-ARTour/EDU-ARTour/EDUARTour/Content/Battlebot/Assets/Battlebot/Material.uexp" 140
"D:/Unreal/EDU-ARTour/EDU-ARTour/EDUARTour/Content/Battlebot/Assets/Battlebot/battlebot.uasset" 141
"D:/Unreal/EDU-ARTour/EDU-ARTour/EDUARTour/Content/Battlebot/Assets/Battlebot/battlebot.ubulk" 142
"D:/Unreal/EDU-ARTour/EDU-ARTour/EDUARTour/Content/Battlebot/Assets/Battlebot/battlebot.uexp" 143
"D:/Unreal/EDU-ARTour/EDU-ARTour/EDUARTour/Content/Battlebot/Assets/Wheel/Material_011.uasset" 144
"D:/Unreal/EDU-ARTour/EDU-ARTour/EDUARTour/Content/Battlebot/Assets/Wheel/Material_011.uexp" 145
"D:/Unreal/EDU-ARTour/EDU-ARTour/EDUARTour/Content/Battlebot/Assets/Wheel/Material.uasset" 146
"D:/Unreal/EDU-ARTour/EDU-ARTour/EDUARTour/Content/Battlebot/Assets/Wheel/Material.uexp" 147
"D:/Unreal/EDU-ARTour/EDU-ARTour/EDUARTour/Content/Battlebot/Assets/Wheel/battlebotWheel.uasset" 148
"D:/Unreal/EDU-ARTour/EDU-ARTour/EDUARTour/Content/Battlebot/Assets/Wheel/battlebotWheel.ubulk" 149
"D:/Unreal/EDU-ARTour/EDU-ARTour/EDUARTour/Content/Battlebot/Assets/Wheel/battlebotWheel.uexp" 150
"D:/Unreal/EDU-ARTour/EDU-ARTour/EDUARTour/Content/Battlebot/Blueprints/SplinePathBP.uasset" 151
"D:/Unreal/EDU-ARTour/EDU-ARTour/EDUARTour/Content/Battlebot/Blueprints/SplinePathBP.uexp" 152
"D:/Unreal/EDU-ARTour/EDU-ARTour/EDUARTour/Content/Battlebot/Blueprints/Battlebot.uasset" 153
"D:/Unreal/EDU-ARTour/EDU-ARTour/EDUARTour/Content/Battlebot/Blueprints/Battlebot.uexp" 154
"D:/Unreal/EDU-ARTour/EDU-ARTour/EDUARTour/Content/Battlebot/Blueprints/Touch.uasset" 155
"D:/Unreal/EDU-ARTour/EDU-ARTour/EDUARTour/Content/Battlebot/Blueprints/Touch.uexp" 156
"D:/Unreal/EDU-ARTour/EDU-ARTour/EDUARTour/Content/ARSessionConfig.uasset" 157
"D:/Unreal/EDU-ARTour/EDU-ARTour/EDUARTour/Content/ARSessionConfig.uexp" 158
"D:/Unreal/EDU-ARTour/EDU-ARTour/EDUARTour/Content/ARPawn.uasset" 159
"D:/Unreal/EDU-ARTour/EDU-ARTour/EDUARTour/Content/ARPawn.uexp" 160
"D:/Unreal/EDU-ARTour/EDU-ARTour/EDUARTour/Content/ARGameMode.uasset" 161
"D:/Unreal/EDU-ARTour/EDU-ARTour/EDUARTour/Content/ARGameMode.uexp" 162
"../../../Engine/Content/Functions/Engine_MaterialFunctions02/WorldPositionOffset/CameraOffset.uasset" 163
"../../../Engine/Content/Functions/Engine_MaterialFunctions02/WorldPositionOffset/CameraOffset.uexp" 164
"../../../Engine/Plugins/Animation/ControlRig/Content/M_Manip.uasset" 165
"../../../Engine/Plugins/Animation/ControlRig/Content/M_Manip.uexp" 166
"../../../Engine/Plugins/Animation/ACLPlugin/Content/ACLAnimCurveCompressionSettings.uasset" 167
"../../../Engine/Plugins/Animation/ACLPlugin/Content/ACLAnimCurveCompressionSettings.uexp" 168
"../../../Engine/Plugins/Animation/ACLPlugin/Content/ACLAnimBoneCompressionSettings.uasset" 169
"../../../Engine/Plugins/Animation/ACLPlugin/Content/ACLAnimBoneCompressionSettings.uexp" 170
"../../../Engine/Plugins/2D/Paper2D/Content/PlaceholderTextures/DummySpriteTexture.uasset" 171
"../../../Engine/Plugins/2D/Paper2D/Content/PlaceholderTextures/DummySpriteTexture.ubulk" 172
"../../../Engine/Plugins/2D/Paper2D/Content/PlaceholderTextures/DummySpriteTexture.uexp" 173
"../../../Engine/Plugins/2D/Paper2D/Content/DefaultSpriteMaterial.uasset" 174
"../../../Engine/Plugins/2D/Paper2D/Content/DefaultSpriteMaterial.uexp" 175
"../../../Engine/Plugins/2D/Paper2D/Content/OpaqueUnlitSpriteMaterial.uasset" 176
"../../../Engine/Plugins/2D/Paper2D/Content/OpaqueUnlitSpriteMaterial.uexp" 177
"../../../Engine/Plugins/2D/Paper2D/Content/MaskedUnlitSpriteMaterial.uasset" 178
"../../../Engine/Plugins/2D/Paper2D/Content/MaskedUnlitSpriteMaterial.uexp" 179
"../../../Engine/Plugins/2D/Paper2D/Content/DummySprite.uasset" 180
"../../../Engine/Plugins/2D/Paper2D/Content/DummySprite.uexp" 181
"../../../Engine/Plugins/2D/Paper2D/Content/DefaultPaperTerrainMaterial.uasset" 182
"../../../Engine/Plugins/2D/Paper2D/Content/DefaultPaperTerrainMaterial.uexp" 183
"D:/Unreal/EDU-ARTour/EDU-ARTour/EDUARTour/Content/WebDevelopment/Sunny-INF1C/Sunny-INF-1C.uasset" 184
"D:/Unreal/EDU-ARTour/EDU-ARTour/EDUARTour/Content/WebDevelopment/Sunny-INF1C/Sunny-INF-1C.uexp" 185
"D:/Unreal/EDU-ARTour/EDU-ARTour/EDUARTour/Content/WebDevelopment/Sunny-INF1C/SunnyCScrollLayOut.uasset" 186
"D:/Unreal/EDU-ARTour/EDU-ARTour/EDUARTour/Content/WebDevelopment/Sunny-INF1C/SunnyCScrollLayOut.uexp" 187
"D:/Unreal/EDU-ARTour/EDU-ARTour/EDUARTour/Content/WebDevelopment/Sunny-INF1C/SunnyCBluePrint.uasset" 188
"D:/Unreal/EDU-ARTour/EDU-ARTour/EDUARTour/Content/WebDevelopment/Sunny-INF1C/SunnyCBluePrint.uexp" 189
"D:/Unreal/EDU-ARTour/EDU-ARTour/EDUARTour/Content/Arrows/arrow.uasset" 190
"D:/Unreal/EDU-ARTour/EDU-ARTour/EDUARTour/Content/Arrows/arrow.ubulk" 191
"D:/Unreal/EDU-ARTour/EDU-ARTour/EDUARTour/Content/Arrows/arrow.uexp" 192
"../../../Engine/Plugins/Runtime/MeshModelingToolset/Content/Materials/M_DynamicMeshComponentVtxColor.uasset" 193
"../../../Engine/Plugins/Runtime/MeshModelingToolset/Content/Materials/M_DynamicMeshComponentVtxColor.uexp" 194
"../../../Engine/Plugins/Runtime/AR/ARUtilities/Content/Materials/MF_DistanceColorLerp.uasset" 195
"../../../Engine/Plugins/Runtime/AR/ARUtilities/Content/Materials/MF_DistanceColorLerp.uexp" 196
"../../../Engine/Plugins/Runtime/AR/ARUtilities/Content/Materials/M_DepthColoration.uasset" 197
"../../../Engine/Plugins/Runtime/AR/ARUtilities/Content/Materials/M_DepthColoration.uexp" 198
"../../../Engine/Plugins/Runtime/AR/ARUtilities/Content/Materials/M_ScreenSpacePassthroughCamera.uasset" 199
"../../../Engine/Plugins/Runtime/AR/ARUtilities/Content/Materials/M_ScreenSpacePassthroughCamera.uexp" 200
"../../../Engine/Plugins/Runtime/AR/ARUtilities/Content/Materials/MI_ScreenSpacePassthroughCameraExternalTexture.uasset" 201
"../../../Engine/Plugins/Runtime/AR/ARUtilities/Content/Materials/MI_ScreenSpacePassthroughCameraExternalTexture.uexp" 202
"../../../Engine/Plugins/Runtime/AR/ARUtilities/Content/Materials/M_PassthroughCamera.uasset" 203
"../../../Engine/Plugins/Runtime/AR/ARUtilities/Content/Materials/M_PassthroughCamera.uexp" 204
"../../../Engine/Plugins/Runtime/AR/ARUtilities/Content/Materials/MI_PassthroughCameraExternalTexture.uasset" 205
"../../../Engine/Plugins/Runtime/AR/ARUtilities/Content/Materials/MI_PassthroughCameraExternalTexture.uexp" 206
"../../../Engine/Content/Functions/Engine_MaterialFunctions02/Utility/CameraDirectionVector.uasset" 207
"../../../Engine/Content/Functions/Engine_MaterialFunctions02/Utility/CameraDirectionVector.uexp" 208
"../../../Engine/Content/Functions/Engine_MaterialFunctions01/Volumetrics/BeersLaw.uasset" 209
"../../../Engine/Content/Functions/Engine_MaterialFunctions01/Volumetrics/BeersLaw.uexp" 210
"../../../Engine/Content/EngineMaterials/Good64x64TilingNoiseHighFreq.uasset" 211
"../../../Engine/Content/EngineMaterials/Good64x64TilingNoiseHighFreq.uexp" 212
"../../../Engine/Content/Functions/Engine_MaterialFunctions02/Texturing/ScreenAlignedPixelToPixelUVs.uasset" 213
"../../../Engine/Content/Functions/Engine_MaterialFunctions02/Texturing/ScreenAlignedPixelToPixelUVs.uexp" 214
"../../../Engine/Content/Functions/Engine_MaterialFunctions02/Utility/BreakOutFloat3Components.uasset" 215
"../../../Engine/Content/Functions/Engine_MaterialFunctions02/Utility/BreakOutFloat3Components.uexp" 216
"../../../Engine/Content/Functions/Engine_MaterialFunctions03/Math/RemapValueRange.uasset" 217
"../../../Engine/Content/Functions/Engine_MaterialFunctions03/Math/RemapValueRange.uexp" 218
"../../../Engine/Plugins/Editor/SpeedTreeImporter/Content/SpeedTree9/game_wind_noise.uasset" 219
"../../../Engine/Plugins/Editor/SpeedTreeImporter/Content/SpeedTree9/game_wind_noise.ubulk" 220
"../../../Engine/Plugins/Editor/SpeedTreeImporter/Content/SpeedTree9/game_wind_noise.uexp" 221
"../../../Engine/Plugins/Editor/SpeedTreeImporter/Content/SpeedTree9/UnpackDirection.uasset" 222
"../../../Engine/Plugins/Editor/SpeedTreeImporter/Content/SpeedTree9/UnpackDirection.uexp" 223
"../../../Engine/Content/Functions/Engine_MaterialFunctions02/ObjectLocalBounds.uasset" 224
"../../../Engine/Content/Functions/Engine_MaterialFunctions02/ObjectLocalBounds.uexp" 225
"../../../Engine/Content/Functions/Engine_MaterialFunctions02/UVs/BoundingBoxBased_0-1_UVW.uasset" 226
"../../../Engine/Content/Functions/Engine_MaterialFunctions02/UVs/BoundingBoxBased_0-1_UVW.uexp" 227
"../../../Engine/Content/Functions/Engine_MaterialFunctions02/Utility/VectorLength.uasset" 228
"../../../Engine/Content/Functions/Engine_MaterialFunctions02/Utility/VectorLength.uexp" 229
"../../../Engine/Plugins/Editor/SpeedTreeImporter/Content/SpeedTree9/UnpackInteger3.uasset" 230
"../../../Engine/Plugins/Editor/SpeedTreeImporter/Content/SpeedTree9/UnpackInteger3.uexp" 231
"../../../Engine/Plugins/Editor/SpeedTreeImporter/Content/SpeedTree9/SpeedTreeCameraFacing.uasset" 232
"../../../Engine/Plugins/Editor/SpeedTreeImporter/Content/SpeedTree9/SpeedTreeCameraFacing.uexp" 233
"../../../Engine/Content/Functions/Engine_MaterialFunctions02/WorldPositionOffset/ObjectScale.uasset" 234
"../../../Engine/Content/Functions/Engine_MaterialFunctions02/WorldPositionOffset/ObjectScale.uexp" 235
"../../../Engine/Content/Functions/Engine_MaterialFunctions02/SafeNormalize.uasset" 236
"../../../Engine/Content/Functions/Engine_MaterialFunctions02/SafeNormalize.uexp" 237
"../../../Engine/Plugins/Editor/SpeedTreeImporter/Content/SpeedTree9/SpeedTreeWindMotion.uasset" 238
"../../../Engine/Plugins/Editor/SpeedTreeImporter/Content/SpeedTree9/SpeedTreeWindMotion.uexp" 239
"../../../Engine/Plugins/Editor/SpeedTreeImporter/Content/SpeedTree9/SpeedTreeBranchMotion.uasset" 240
"../../../Engine/Plugins/Editor/SpeedTreeImporter/Content/SpeedTree9/SpeedTreeBranchMotion.uexp" 241
"../../../Engine/Plugins/Editor/SpeedTreeImporter/Content/SpeedTree9/SpeedTreeWind.uasset" 242
"../../../Engine/Plugins/Editor/SpeedTreeImporter/Content/SpeedTree9/SpeedTreeWind.uexp" 243
"../../../Engine/Plugins/Editor/SpeedTreeImporter/Content/SpeedTree9/EmptyNormal.uasset" 244
"../../../Engine/Plugins/Editor/SpeedTreeImporter/Content/SpeedTree9/EmptyNormal.uexp" 245
"../../../Engine/Plugins/Editor/SpeedTreeImporter/Content/SpeedTree9/Empty.uasset" 246
"../../../Engine/Plugins/Editor/SpeedTreeImporter/Content/SpeedTree9/Empty.uexp" 247
"../../../Engine/Plugins/Editor/SpeedTreeImporter/Content/SpeedTree9/SpeedTreeMaster.uasset" 248
"../../../Engine/Plugins/Editor/SpeedTreeImporter/Content/SpeedTree9/SpeedTreeMaster.uexp" 249
"../../../Engine/Plugins/Editor/SpeedTreeImporter/Content/SpeedTree9/SpeedTreeBillboard.uasset" 250
"../../../Engine/Plugins/Editor/SpeedTreeImporter/Content/SpeedTree9/SpeedTreeBillboard.uexp" 251
"../../../Engine/Plugins/Editor/SpeedTreeImporter/Content/SpeedTree9/SpeedTreeBillboardMaster.uasset" 252
"../../../Engine/Plugins/Editor/SpeedTreeImporter/Content/SpeedTree9/SpeedTreeBillboardMaster.uexp" 253
"../../../Engine/Plugins/Animation/ControlRig/Content/Controls/DefaultGizmoLibraryNormalized.uasset" 254
"../../../Engine/Plugins/Animation/ControlRig/Content/Controls/DefaultGizmoLibraryNormalized.uexp" 255
"../../../Engine/Plugins/Animation/ControlRig/Content/Controls/ControlRig_Wedge_solid.uasset" 256
"../../../Engine/Plugins/Animation/ControlRig/Content/Controls/ControlRig_Wedge_solid.ubulk" 257
"../../../Engine/Plugins/Animation/ControlRig/Content/Controls/ControlRig_Wedge_solid.uexp" 258
"../../../Engine/Plugins/Animation/ControlRig/Content/Controls/ControlRig_Wedge_3mm.uasset" 259
"../../../Engine/Plugins/Animation/ControlRig/Content/Controls/ControlRig_Wedge_3mm.ubulk" 260
"../../../Engine/Plugins/Animation/ControlRig/Content/Controls/ControlRig_Wedge_3mm.uexp" 261
"../../../Engine/Plugins/Animation/ControlRig/Content/Controls/ControlRig_Wedge_1mm.uasset" 262
"../../../Engine/Plugins/Animation/ControlRig/Content/Controls/ControlRig_Wedge_1mm.ubulk" 263
"../../../Engine/Plugins/Animation/ControlRig/Content/Controls/ControlRig_Wedge_1mm.uexp" 264
"../../../Engine/Plugins/Animation/ControlRig/Content/Controls/ControlRig_Triangle_solid.uasset" 265
"../../../Engine/Plugins/Animation/ControlRig/Content/Controls/ControlRig_Triangle_solid.ubulk" 266
"../../../Engine/Plugins/Animation/ControlRig/Content/Controls/ControlRig_Triangle_solid.uexp" 267
"../../../Engine/Plugins/Animation/ControlRig/Content/Controls/ControlRig_Triangle_3mm.uasset" 268
"../../../Engine/Plugins/Animation/ControlRig/Content/Controls/ControlRig_Triangle_3mm.ubulk" 269
"../../../Engine/Plugins/Animation/ControlRig/Content/Controls/ControlRig_Triangle_3mm.uexp" 270
"../../../Engine/Plugins/Animation/ControlRig/Content/Controls/ControlRig_Triangle_1mm.uasset" 271
"../../../Engine/Plugins/Animation/ControlRig/Content/Controls/ControlRig_Triangle_1mm.ubulk" 272
"../../../Engine/Plugins/Animation/ControlRig/Content/Controls/ControlRig_Triangle_1mm.uexp" 273
"../../../Engine/Plugins/Animation/ControlRig/Content/Controls/ControlRig_Star4_solid.uasset" 274
"../../../Engine/Plugins/Animation/ControlRig/Content/Controls/ControlRig_Star4_solid.ubulk" 275
"../../../Engine/Plugins/Animation/ControlRig/Content/Controls/ControlRig_Star4_solid.uexp" 276
"../../../Engine/Plugins/Animation/ControlRig/Content/Controls/ControlRig_Star4_3mm.uasset" 277
"../../../Engine/Plugins/Animation/ControlRig/Content/Controls/ControlRig_Star4_3mm.ubulk" 278
"../../../Engine/Plugins/Animation/ControlRig/Content/Controls/ControlRig_Star4_3mm.uexp" 279
"../../../Engine/Plugins/Animation/ControlRig/Content/Controls/ControlRig_Star4_1mm.uasset" 280
"../../../Engine/Plugins/Animation/ControlRig/Content/Controls/ControlRig_Star4_1mm.ubulk" 281
"../../../Engine/Plugins/Animation/ControlRig/Content/Controls/ControlRig_Star4_1mm.uexp" 282
"../../../Engine/Plugins/Animation/ControlRig/Content/Controls/ControlRig_Square_solid.uasset" 283
"../../../Engine/Plugins/Animation/ControlRig/Content/Controls/ControlRig_Square_solid.ubulk" 284
"../../../Engine/Plugins/Animation/ControlRig/Content/Controls/ControlRig_Square_solid.uexp" 285
"../../../Engine/Plugins/Animation/ControlRig/Content/Controls/ControlRig_Square_3mm.uasset" 286
"../../../Engine/Plugins/Animation/ControlRig/Content/Controls/ControlRig_Square_3mm.ubulk" 287
"../../../Engine/Plugins/Animation/ControlRig/Content/Controls/ControlRig_Square_3mm.uexp" 288
"../../../Engine/Plugins/Animation/ControlRig/Content/Controls/ControlRig_Square_1mm.uasset" 289
"../../../Engine/Plugins/Animation/ControlRig/Content/Controls/ControlRig_Square_1mm.ubulk" 290
"../../../Engine/Plugins/Animation/ControlRig/Content/Controls/ControlRig_Square_1mm.uexp" 291
"../../../Engine/Plugins/Animation/ControlRig/Content/Controls/ControlRig_Sphere_solid.uasset" 292
"../../../Engine/Plugins/Animation/ControlRig/Content/Controls/ControlRig_Sphere_solid.ubulk" 293
"../../../Engine/Plugins/Animation/ControlRig/Content/Controls/ControlRig_Sphere_solid.uexp" 294
"../../../Engine/Plugins/Animation/ControlRig/Content/Controls/ControlRig_Sphere_3mm.uasset" 295
"../../../Engine/Plugins/Animation/ControlRig/Content/Controls/ControlRig_Sphere_3mm.ubulk" 296
"../../../Engine/Plugins/Animation/ControlRig/Content/Controls/ControlRig_Sphere_3mm.uexp" 297
"../../../Engine/Plugins/Animation/ControlRig/Content/Controls/ControlRig_Sphere_1mm.uasset" 298
"../../../Engine/Plugins/Animation/ControlRig/Content/Controls/ControlRig_Sphere_1mm.ubulk" 299
"../../../Engine/Plugins/Animation/ControlRig/Content/Controls/ControlRig_Sphere_1mm.uexp" 300
"../../../Engine/Plugins/Animation/ControlRig/Content/Controls/ControlRig_RoundedTriangle_solid.uasset" 301
"../../../Engine/Plugins/Animation/ControlRig/Content/Controls/ControlRig_RoundedTriangle_solid.ubulk" 302
"../../../Engine/Plugins/Animation/ControlRig/Content/Controls/ControlRig_RoundedTriangle_solid.uexp" 303
"../../../Engine/Plugins/Animation/ControlRig/Content/Controls/ControlRig_RoundedTriangle_3mm.uasset" 304
"../../../Engine/Plugins/Animation/ControlRig/Content/Controls/ControlRig_RoundedTriangle_3mm.ubulk" 305
"../../../Engine/Plugins/Animation/ControlRig/Content/Controls/ControlRig_RoundedTriangle_3mm.uexp" 306
"../../../Engine/Plugins/Animation/ControlRig/Content/Controls/ControlRig_RoundedTriangle_1mm.uasset" 307
"../../../Engine/Plugins/Animation/ControlRig/Content/Controls/ControlRig_RoundedTriangle_1mm.ubulk" 308
"../../../Engine/Plugins/Animation/ControlRig/Content/Controls/ControlRig_RoundedTriangle_1mm.uexp" 309
"../../../Engine/Plugins/Animation/ControlRig/Content/Controls/ControlRig_RoundedSquare_solid.uasset" 310
"../../../Engine/Plugins/Animation/ControlRig/Content/Controls/ControlRig_RoundedSquare_solid.ubulk" 311
"../../../Engine/Plugins/Animation/ControlRig/Content/Controls/ControlRig_RoundedSquare_solid.uexp" 312
"../../../Engine/Plugins/Animation/ControlRig/Content/Controls/ControlRig_RoundedSquare_3mm.uasset" 313
"../../../Engine/Plugins/Animation/ControlRig/Content/Controls/ControlRig_RoundedSquare_3mm.ubulk" 314
"../../../Engine/Plugins/Animation/ControlRig/Content/Controls/ControlRig_RoundedSquare_3mm.uexp" 315
"../../../Engine/Plugins/Animation/ControlRig/Content/Controls/ControlRig_RoundedSquare_1mm.uasset" 316
"../../../Engine/Plugins/Animation/ControlRig/Content/Controls/ControlRig_RoundedSquare_1mm.ubulk" 317
"../../../Engine/Plugins/Animation/ControlRig/Content/Controls/ControlRig_RoundedSquare_1mm.uexp" 318
"../../../Engine/Plugins/Animation/ControlRig/Content/Controls/ControlRig_QuarterCircle_solid.uasset" 319
"../../../Engine/Plugins/Animation/ControlRig/Content/Controls/ControlRig_QuarterCircle_solid.ubulk" 320
"../../../Engine/Plugins/Animation/ControlRig/Content/Controls/ControlRig_QuarterCircle_solid.uexp" 321
"../../../Engine/Plugins/Animation/ControlRig/Content/Controls/ControlRig_QuarterCircle_3mm.uasset" 322
"../../../Engine/Plugins/Animation/ControlRig/Content/Controls/ControlRig_QuarterCircle_3mm.ubulk" 323
"../../../Engine/Plugins/Animation/ControlRig/Content/Controls/ControlRig_QuarterCircle_3mm.uexp" 324
"../../../Engine/Plugins/Animation/ControlRig/Content/Controls/ControlRig_QuarterCircle_1mm.uasset" 325
"../../../Engine/Plugins/Animation/ControlRig/Content/Controls/ControlRig_QuarterCircle_1mm.ubulk" 326
"../../../Engine/Plugins/Animation/ControlRig/Content/Controls/ControlRig_QuarterCircle_1mm.uexp" 327
"../../../Engine/Plugins/Animation/ControlRig/Content/Controls/ControlRig_Pyramid_solid.uasset" 328
"../../../Engine/Plugins/Animation/ControlRig/Content/Controls/ControlRig_Pyramid_solid.ubulk" 329
"../../../Engine/Plugins/Animation/ControlRig/Content/Controls/ControlRig_Pyramid_solid.uexp" 330
"../../../Engine/Plugins/Animation/ControlRig/Content/Controls/ControlRig_Pyramid_3mm.uasset" 331
"../../../Engine/Plugins/Animation/ControlRig/Content/Controls/ControlRig_Pyramid_3mm.ubulk" 332
"../../../Engine/Plugins/Animation/ControlRig/Content/Controls/ControlRig_Pyramid_3mm.uexp" 333
"../../../Engine/Plugins/Animation/ControlRig/Content/Controls/ControlRig_Pyramid_1mm.uasset" 334
"../../../Engine/Plugins/Animation/ControlRig/Content/Controls/ControlRig_Pyramid_1mm.ubulk" 335
"../../../Engine/Plugins/Animation/ControlRig/Content/Controls/ControlRig_Pyramid_1mm.uexp" 336
"../../../Engine/Plugins/Animation/ControlRig/Content/Controls/ControlRig_Octagon_solid.uasset" 337
"../../../Engine/Plugins/Animation/ControlRig/Content/Controls/ControlRig_Octagon_solid.ubulk" 338
"../../../Engine/Plugins/Animation/ControlRig/Content/Controls/ControlRig_Octagon_solid.uexp" 339
"../../../Engine/Plugins/Animation/ControlRig/Content/Controls/ControlRig_Octagon_3mm.uasset" 340
"../../../Engine/Plugins/Animation/ControlRig/Content/Controls/ControlRig_Octagon_3mm.ubulk" 341
"../../../Engine/Plugins/Animation/ControlRig/Content/Controls/ControlRig_Octagon_3mm.uexp" 342
"../../../Engine/Plugins/Animation/ControlRig/Content/Controls/ControlRig_Octagon_1mm.uasset" 343
"../../../Engine/Plugins/Animation/ControlRig/Content/Controls/ControlRig_Octagon_1mm.ubulk" 344
"../../../Engine/Plugins/Animation/ControlRig/Content/Controls/ControlRig_Octagon_1mm.uexp" 345
"../../../Engine/Plugins/Animation/ControlRig/Content/Controls/ControlRig_Hexagon_solid.uasset" 346
"../../../Engine/Plugins/Animation/ControlRig/Content/Controls/ControlRig_Hexagon_solid.ubulk" 347
"../../../Engine/Plugins/Animation/ControlRig/Content/Controls/ControlRig_Hexagon_solid.uexp" 348
"../../../Engine/Plugins/Animation/ControlRig/Content/Controls/ControlRig_Hexagon_3mm.uasset" 349
"../../../Engine/Plugins/Animation/ControlRig/Content/Controls/ControlRig_Hexagon_3mm.ubulk" 350
"../../../Engine/Plugins/Animation/ControlRig/Content/Controls/ControlRig_Hexagon_3mm.uexp" 351
"../../../Engine/Plugins/Animation/ControlRig/Content/Controls/ControlRig_Hexagon_1mm.uasset" 352
"../../../Engine/Plugins/Animation/ControlRig/Content/Controls/ControlRig_Hexagon_1mm.ubulk" 353
"../../../Engine/Plugins/Animation/ControlRig/Content/Controls/ControlRig_Hexagon_1mm.uexp" 354
"../../../Engine/Plugins/Animation/ControlRig/Content/Controls/ControlRig_HalfCircle_solid.uasset" 355
"../../../Engine/Plugins/Animation/ControlRig/Content/Controls/ControlRig_HalfCircle_solid.ubulk" 356
"../../../Engine/Plugins/Animation/ControlRig/Content/Controls/ControlRig_HalfCircle_solid.uexp" 357
"../../../Engine/Plugins/Animation/ControlRig/Content/Controls/ControlRig_HalfCircle_3mm.uasset" 358
"../../../Engine/Plugins/Animation/ControlRig/Content/Controls/ControlRig_HalfCircle_3mm.ubulk" 359
"../../../Engine/Plugins/Animation/ControlRig/Content/Controls/ControlRig_HalfCircle_3mm.uexp" 360
"../../../Engine/Plugins/Animation/ControlRig/Content/Controls/ControlRig_HalfCircle_1mm.uasset" 361
"../../../Engine/Plugins/Animation/ControlRig/Content/Controls/ControlRig_HalfCircle_1mm.ubulk" 362
"../../../Engine/Plugins/Animation/ControlRig/Content/Controls/ControlRig_HalfCircle_1mm.uexp" 363
"../../../Engine/Plugins/Animation/ControlRig/Content/Controls/ControlRig_Diamond_solid.uasset" 364
"../../../Engine/Plugins/Animation/ControlRig/Content/Controls/ControlRig_Diamond_solid.ubulk" 365
"../../../Engine/Plugins/Animation/ControlRig/Content/Controls/ControlRig_Diamond_solid.uexp" 366
"../../../Engine/Plugins/Animation/ControlRig/Content/Controls/ControlRig_Diamond_3mm.uasset" 367
"../../../Engine/Plugins/Animation/ControlRig/Content/Controls/ControlRig_Diamond_3mm.ubulk" 368
"../../../Engine/Plugins/Animation/ControlRig/Content/Controls/ControlRig_Diamond_3mm.uexp" 369
"../../../Engine/Plugins/Animation/ControlRig/Content/Controls/ControlRig_Diamond_1mm.uasset" 370
"../../../Engine/Plugins/Animation/ControlRig/Content/Controls/ControlRig_Diamond_1mm.ubulk" 371
"../../../Engine/Plugins/Animation/ControlRig/Content/Controls/ControlRig_Diamond_1mm.uexp" 372
"../../../Engine/Plugins/Animation/ControlRig/Content/Controls/ControlRig_Circle_solid.uasset" 373
"../../../Engine/Plugins/Animation/ControlRig/Content/Controls/ControlRig_Circle_solid.ubulk" 374
"../../../Engine/Plugins/Animation/ControlRig/Content/Controls/ControlRig_Circle_solid.uexp" 375
"../../../Engine/Plugins/Animation/ControlRig/Content/Controls/ControlRig_Circle_3mm.uasset" 376
"../../../Engine/Plugins/Animation/ControlRig/Content/Controls/ControlRig_Circle_3mm.ubulk" 377
"../../../Engine/Plugins/Animation/ControlRig/Content/Controls/ControlRig_Circle_3mm.uexp" 378
"../../../Engine/Plugins/Animation/ControlRig/Content/Controls/ControlRig_Circle_1mm.uasset" 379
"../../../Engine/Plugins/Animation/ControlRig/Content/Controls/ControlRig_Circle_1mm.ubulk" 380
"../../../Engine/Plugins/Animation/ControlRig/Content/Controls/ControlRig_Circle_1mm.uexp" 381
"../../../Engine/Plugins/Animation/ControlRig/Content/Controls/ControlRig_Box_solid.uasset" 382
"../../../Engine/Plugins/Animation/ControlRig/Content/Controls/ControlRig_Box_solid.ubulk" 383
"../../../Engine/Plugins/Animation/ControlRig/Content/Controls/ControlRig_Box_solid.uexp" 384
"../../../Engine/Plugins/Animation/ControlRig/Content/Controls/ControlRig_Box_3mm.uasset" 385
"../../../Engine/Plugins/Animation/ControlRig/Content/Controls/ControlRig_Box_3mm.ubulk" 386
"../../../Engine/Plugins/Animation/ControlRig/Content/Controls/ControlRig_Box_3mm.uexp" 387
"../../../Engine/Plugins/Animation/ControlRig/Content/Controls/ControlRig_Box_1mm.uasset" 388
"../../../Engine/Plugins/Animation/ControlRig/Content/Controls/ControlRig_Box_1mm.ubulk" 389
"../../../Engine/Plugins/Animation/ControlRig/Content/Controls/ControlRig_Box_1mm.uexp" 390
"../../../Engine/Plugins/Animation/ControlRig/Content/Controls/ControlRig_Arrow_solid.uasset" 391
"../../../Engine/Plugins/Animation/ControlRig/Content/Controls/ControlRig_Arrow_solid.ubulk" 392
"../../../Engine/Plugins/Animation/ControlRig/Content/Controls/ControlRig_Arrow_solid.uexp" 393
"../../../Engine/Plugins/Animation/ControlRig/Content/Controls/ControlRig_Arrow_3mm.uasset" 394
"../../../Engine/Plugins/Animation/ControlRig/Content/Controls/ControlRig_Arrow_3mm.ubulk" 395
"../../../Engine/Plugins/Animation/ControlRig/Content/Controls/ControlRig_Arrow_3mm.uexp" 396
"../../../Engine/Plugins/Animation/ControlRig/Content/Controls/ControlRig_Arrow_1mm.uasset" 397
"../../../Engine/Plugins/Animation/ControlRig/Content/Controls/ControlRig_Arrow_1mm.ubulk" 398
"../../../Engine/Plugins/Animation/ControlRig/Content/Controls/ControlRig_Arrow_1mm.uexp" 399
"../../../Engine/Plugins/Animation/ControlRig/Content/Controls/ControlRig_Arrow4_solid.uasset" 400
"../../../Engine/Plugins/Animation/ControlRig/Content/Controls/ControlRig_Arrow4_solid.ubulk" 401
"../../../Engine/Plugins/Animation/ControlRig/Content/Controls/ControlRig_Arrow4_solid.uexp" 402
"../../../Engine/Plugins/Animation/ControlRig/Content/Controls/ControlRig_Arrow4_3mm.uasset" 403
"../../../Engine/Plugins/Animation/ControlRig/Content/Controls/ControlRig_Arrow4_3mm.ubulk" 404
"../../../Engine/Plugins/Animation/ControlRig/Content/Controls/ControlRig_Arrow4_3mm.uexp" 405
"../../../Engine/Plugins/Animation/ControlRig/Content/Controls/ControlRig_Arrow4_1mm.uasset" 406
"../../../Engine/Plugins/Animation/ControlRig/Content/Controls/ControlRig_Arrow4_1mm.ubulk" 407
"../../../Engine/Plugins/Animation/ControlRig/Content/Controls/ControlRig_Arrow4_1mm.uexp" 408
"../../../Engine/Plugins/Animation/ControlRig/Content/Controls/ControlRig_Arrow2_solid.uasset" 409
"../../../Engine/Plugins/Animation/ControlRig/Content/Controls/ControlRig_Arrow2_solid.ubulk" 410
"../../../Engine/Plugins/Animation/ControlRig/Content/Controls/ControlRig_Arrow2_solid.uexp" 411
"../../../Engine/Plugins/Animation/ControlRig/Content/Controls/ControlRig_Arrow2_3mm.uasset" 412
"../../../Engine/Plugins/Animation/ControlRig/Content/Controls/ControlRig_Arrow2_3mm.ubulk" 413
"../../../Engine/Plugins/Animation/ControlRig/Content/Controls/ControlRig_Arrow2_3mm.uexp" 414
"../../../Engine/Plugins/Animation/ControlRig/Content/Controls/ControlRig_Arrow2_1mm.uasset" 415
"../../../Engine/Plugins/Animation/ControlRig/Content/Controls/ControlRig_Arrow2_1mm.ubulk" 416
"../../../Engine/Plugins/Animation/ControlRig/Content/Controls/ControlRig_Arrow2_1mm.uexp" 417
"../../../Engine/Plugins/Animation/ControlRig/Content/Controls/ControlRigXRayMaterial.uasset" 418
"../../../Engine/Plugins/Animation/ControlRig/Content/Controls/ControlRigXRayMaterial.uexp" 419
"../../../Engine/Plugins/Animation/ControlRig/Content/Controls/ControlRigGizmoMaterial.uasset" 420
"../../../Engine/Plugins/Animation/ControlRig/Content/Controls/ControlRigGizmoMaterial.uexp" 421
"../../../Engine/Content/VREditor/TransformGizmo/StartRotationHandleIndicator.uasset" 422
"../../../Engine/Content/VREditor/TransformGizmo/StartRotationHandleIndicator.ubulk" 423
"../../../Engine/Content/VREditor/TransformGizmo/StartRotationHandleIndicator.uexp" 424
"../../../Engine/Content/VREditor/Sounds/UI/Drop_Item_From_ContentBrowser.uasset" 425
"../../../Engine/Content/VREditor/Sounds/UI/Drop_Item_From_ContentBrowser.ubulk" 426
"../../../Engine/Content/VREditor/Sounds/UI/Drop_Item_From_ContentBrowser.uexp" 427
"../../../Engine/Content/VREditor/TransformGizmo/PlaneTranslationHandle.uasset" 428
"../../../Engine/Content/VREditor/TransformGizmo/PlaneTranslationHandle.ubulk" 429
"../../../Engine/Content/VREditor/TransformGizmo/PlaneTranslationHandle.uexp" 430
"../../../Engine/Content/VREditor/Sounds/UI/Object_Snaps_To_Grid.uasset" 431
"../../../Engine/Content/VREditor/Sounds/UI/Object_Snaps_To_Grid.ubulk" 432
"../../../Engine/Content/VREditor/Sounds/UI/Object_Snaps_To_Grid.uexp" 433
"../../../Engine/Content/VREditor/Sounds/UI/Selection_Changes.uasset" 434
"../../../Engine/Content/VREditor/Sounds/UI/Selection_Changes.ubulk" 435
"../../../Engine/Content/VREditor/Sounds/UI/Selection_Changes.uexp" 436
"../../../Engine/Content/VREditor/Sounds/UI/Object_Snaps_To_Another_Actor.uasset" 437
"../../../Engine/Content/VREditor/Sounds/UI/Object_Snaps_To_Another_Actor.ubulk" 438
"../../../Engine/Content/VREditor/Sounds/UI/Object_Snaps_To_Another_Actor.uexp" 439
"../../../Engine/Content/VREditor/TransformGizmo/TranslucentTransformGizmoMaterial_Inst.uasset" 440
"../../../Engine/Content/VREditor/TransformGizmo/TranslucentTransformGizmoMaterial_Inst.uexp" 441
"../../../Engine/Content/VREditor/TransformGizmo/TransformGizmoFreeRotation.uasset" 442
"../../../Engine/Content/VREditor/TransformGizmo/TransformGizmoFreeRotation.ubulk" 443
"../../../Engine/Content/VREditor/TransformGizmo/TransformGizmoFreeRotation.uexp" 444
"../../../Engine/Content/VREditor/Sounds/UI/Scaling_Down.uasset" 445
"../../../Engine/Content/VREditor/Sounds/UI/Scaling_Down.ubulk" 446
"../../../Engine/Content/VREditor/Sounds/UI/Scaling_Down.uexp" 447
"../../../Engine/Content/Functions/Engine_MaterialFunctions02/Math/Transform3x3Matrix.uasset" 448
"../../../Engine/Content/Functions/Engine_MaterialFunctions02/Math/Transform3x3Matrix.uexp" 449
"../../../Engine/Content/Functions/Engine_MaterialFunctions02/SplitComponents.uasset" 450
"../../../Engine/Content/Functions/Engine_MaterialFunctions02/SplitComponents.uexp" 451
"../../../Engine/Content/Functions/Engine_MaterialFunctions02/Utility/MakeFloat3.uasset" 452
"../../../Engine/Content/Functions/Engine_MaterialFunctions02/Utility/MakeFloat3.uexp" 453
"../../../Engine/Content/VREditor/SnapGrid/SnapGridMaterial.uasset" 454
"../../../Engine/Content/VREditor/SnapGrid/SnapGridMaterial.uexp" 455
"../../../Engine/Content/VREditor/SnapGrid/SnapGridPlaneMesh.uasset" 456
"../../../Engine/Content/VREditor/SnapGrid/SnapGridPlaneMesh.ubulk" 457
"../../../Engine/Content/VREditor/SnapGrid/SnapGridPlaneMesh.uexp" 458
"../../../Engine/Content/VREditor/Sounds/UI/Scaling_Up.uasset" 459
"../../../Engine/Content/VREditor/Sounds/UI/Scaling_Up.ubulk" 460
"../../../Engine/Content/VREditor/Sounds/UI/Scaling_Up.uexp" 461
"../../../Engine/Content/VREditor/TransformGizmo/TransformGizmoMaterial_Inst.uasset" 462
"../../../Engine/Content/VREditor/TransformGizmo/TransformGizmoMaterial_Inst.uexp" 463
"../../../Engine/Content/VREditor/Sounds/UI/Gizmo_Handle_Clicked.uasset" 464
"../../../Engine/Content/VREditor/Sounds/UI/Gizmo_Handle_Clicked.ubulk" 465
"../../../Engine/Content/VREditor/Sounds/UI/Gizmo_Handle_Clicked.uexp" 466
"../../../Engine/Content/VREditor/TransformGizmo/RotationHandleQuarter.uasset" 467
"../../../Engine/Content/VREditor/TransformGizmo/RotationHandleQuarter.ubulk" 468
"../../../Engine/Content/VREditor/TransformGizmo/RotationHandleQuarter.uexp" 469
"../../../Engine/Content/VREditor/TransformGizmo/TranslateArrowHandle.uasset" 470
"../../../Engine/Content/VREditor/TransformGizmo/TranslateArrowHandle.ubulk" 471
"../../../Engine/Content/VREditor/TransformGizmo/TranslateArrowHandle.uexp" 472
"../../../Engine/Content/VREditor/TransformGizmo/RotationHandleIndicator.uasset" 473
"../../../Engine/Content/VREditor/TransformGizmo/RotationHandleIndicator.ubulk" 474
"../../../Engine/Content/VREditor/TransformGizmo/RotationHandleIndicator.uexp" 475
"../../../Engine/Content/VREditor/TransformGizmo/UniformScaleHandle.uasset" 476
"../../../Engine/Content/VREditor/TransformGizmo/UniformScaleHandle.ubulk" 477
"../../../Engine/Content/VREditor/TransformGizmo/UniformScaleHandle.uexp" 478
"../../../Engine/Content/VREditor/TransformGizmo/RotationHandleFull.uasset" 479
"../../../Engine/Content/VREditor/TransformGizmo/RotationHandleFull.ubulk" 480
"../../../Engine/Content/VREditor/TransformGizmo/RotationHandleFull.uexp" 481
"../../../Engine/Content/VREditor/Sounds/UI/Object_PickUp.uasset" 482
"../../../Engine/Content/VREditor/Sounds/UI/Object_PickUp.ubulk" 483
"../../../Engine/Content/VREditor/Sounds/UI/Object_PickUp.uexp" 484
"../../../Engine/Content/EngineSounds/Master.uasset" 485
"../../../Engine/Content/EngineSounds/Master.uexp" 486
"../../../Engine/Content/EngineResources/WhiteSquareTexture.uasset" 487
"../../../Engine/Content/EngineResources/WhiteSquareTexture.uexp" 488
"../../../Engine/Content/EngineMaterials/Widget3DPassThrough.uasset" 489
"../../../Engine/Content/EngineMaterials/Widget3DPassThrough.uexp" 490
"../../../Engine/Content/EngineMaterials/Widget3DPassThrough_Translucent.uasset" 491
"../../../Engine/Content/EngineMaterials/Widget3DPassThrough_Translucent.uexp" 492
"../../../Engine/Content/EngineMaterials/Widget3DPassThrough_Translucent_OneSided.uasset" 493
"../../../Engine/Content/EngineMaterials/Widget3DPassThrough_Translucent_OneSided.uexp" 494
"../../../Engine/Content/EngineMaterials/Widget3DPassThrough_Opaque.uasset" 495
"../../../Engine/Content/EngineMaterials/Widget3DPassThrough_Opaque.uexp" 496
"../../../Engine/Content/EngineMaterials/Widget3DPassThrough_Opaque_OneSided.uasset" 497
"../../../Engine/Content/EngineMaterials/Widget3DPassThrough_Opaque_OneSided.uexp" 498
"../../../Engine/Content/EngineMaterials/Widget3DPassThrough_Masked_OneSided.uasset" 499
"../../../Engine/Content/EngineMaterials/Widget3DPassThrough_Masked_OneSided.uexp" 500
"../../../Engine/Content/EngineMaterials/Widget3DPassThrough_Masked.uasset" 501
"../../../Engine/Content/EngineMaterials/Widget3DPassThrough_Masked.uexp" 502
"../../../Engine/Content/EngineMaterials/STBlueNoise_vec2_128x128x64.uasset" 503
"../../../Engine/Content/EngineMaterials/STBlueNoise_vec2_128x128x64.uexp" 504
"../../../Engine/Content/EngineMaterials/STBlueNoise_scalar_128x128x64.uasset" 505
"../../../Engine/Content/EngineMaterials/STBlueNoise_scalar_128x128x64.uexp" 506
"../../../Engine/Content/EngineMaterials/RemoveSurfaceMaterial.uasset" 507
"../../../Engine/Content/EngineMaterials/RemoveSurfaceMaterial.uexp" 508
"../../../Engine/Content/EngineMaterials/DefaultCalibrationGrayscale.uasset" 509
"../../../Engine/Content/EngineMaterials/DefaultCalibrationGrayscale.uexp" 510
"../../../Engine/Content/EngineMaterials/PPM_DefaultCalibrationGrayscale.uasset" 511
"../../../Engine/Content/EngineMaterials/PPM_DefaultCalibrationGrayscale.uexp" 512
"../../../Engine/Content/EngineMaterials/DefaultCalibrationColor.uasset" 513
"../../../Engine/Content/EngineMaterials/DefaultCalibrationColor.uexp" 514
"../../../Engine/Content/EngineMaterials/PPM_DefaultCalibrationColor.uasset" 515
"../../../Engine/Content/EngineMaterials/PPM_DefaultCalibrationColor.uexp" 516
"../../../Engine/Content/EngineMaterials/PhAT_JointLimitMaterial.uasset" 517
"../../../Engine/Content/EngineMaterials/PhAT_JointLimitMaterial.uexp" 518
"../../../Engine/Content/EngineMaterials/NaniteHiddenSectionMaterial.uasset" 519
"../../../Engine/Content/EngineMaterials/NaniteHiddenSectionMaterial.uexp" 520
"../../../Engine/Content/EngineMaterials/InvalidLightmapSettings.uasset" 521
"../../../Engine/Content/EngineMaterials/InvalidLightmapSettings.ubulk" 522
"../../../Engine/Content/EngineMaterials/InvalidLightmapSettings.uexp" 523
"../../../Engine/Content/EngineMaterials/M_InvalidLightmapSettings.uasset" 524
"../../../Engine/Content/EngineMaterials/M_InvalidLightmapSettings.uexp" 525
"../../../Engine/Content/EngineMaterials/GizmoMaterial.uasset" 526
"../../../Engine/Content/EngineMaterials/GizmoMaterial.uexp" 527
"../../../Engine/Content/EngineMaterials/BaseFlattenEmissiveMap_VT.uasset" 528
"../../../Engine/Content/EngineMaterials/BaseFlattenEmissiveMap_VT.uexp" 529
"../../../Engine/Content/EngineMaterials/BaseFlattenGrayscaleMap_VT.uasset" 530
"../../../Engine/Content/EngineMaterials/BaseFlattenGrayscaleMap_VT.uexp" 531
"../../../Engine/Content/EngineMaterials/BaseFlattenLinearColor_VT.uasset" 532
"../../../Engine/Content/EngineMaterials/BaseFlattenLinearColor_VT.uexp" 533
"../../../Engine/Content/EngineMaterials/Black_1x1_EXR_Texture_VT.uasset" 534
"../../../Engine/Content/EngineMaterials/Black_1x1_EXR_Texture_VT.uexp" 535
"../../../Engine/Content/EngineMaterials/BaseFlattenDiffuseMap_VT.uasset" 536
"../../../Engine/Content/EngineMaterials/BaseFlattenDiffuseMap_VT.uexp" 537
"../../../Engine/Content/EngineMaterials/BaseFlattenNormalMap_VT.uasset" 538
"../../../Engine/Content/EngineMaterials/BaseFlattenNormalMap_VT.uexp" 539
"../../../Engine/Content/EngineMaterials/FlattenMaterial_WS_Normal_VT.uasset" 540
"../../../Engine/Content/EngineMaterials/FlattenMaterial_WS_Normal_VT.uexp" 541
"../../../Engine/Content/EngineMaterials/FlattenMaterial_VT.uasset" 542
"../../../Engine/Content/EngineMaterials/FlattenMaterial_VT.uexp" 543
"../../../Engine/Content/EngineMaterials/BaseFlattenNormalMap.uasset" 544
"../../../Engine/Content/EngineMaterials/BaseFlattenNormalMap.uexp" 545
"../../../Engine/Content/EngineMaterials/BaseFlattenGrayscaleMap.uasset" 546
"../../../Engine/Content/EngineMaterials/BaseFlattenGrayscaleMap.uexp" 547
"../../../Engine/Content/EngineMaterials/BaseFlattenDiffuseMap.uasset" 548
"../../../Engine/Content/EngineMaterials/BaseFlattenDiffuseMap.uexp" 549
"../../../Engine/Content/Functions/Engine_MaterialFunctions02/PivotPainter2/Black_1x1_EXR_Texture.uasset" 550
"../../../Engine/Content/Functions/Engine_MaterialFunctions02/PivotPainter2/Black_1x1_EXR_Texture.uexp" 551
"../../../Engine/Content/EngineMaterials/BaseFlattenEmissiveMap.uasset" 552
"../../../Engine/Content/EngineMaterials/BaseFlattenEmissiveMap.uexp" 553
"../../../Engine/Content/EngineMaterials/BaseFlattenLinearColor.uasset" 554
"../../../Engine/Content/EngineMaterials/BaseFlattenLinearColor.uexp" 555
"../../../Engine/Content/EngineMaterials/FlattenMaterial.uasset" 556
"../../../Engine/Content/EngineMaterials/FlattenMaterial.uexp" 557
"../../../Engine/Content/EngineMaterials/DefaultWhiteGrid_Low.uasset" 558
"../../../Engine/Content/EngineMaterials/DefaultWhiteGrid_Low.uexp" 559
"../../../Engine/Content/EngineMaterials/EmissiveMeshMaterial.uasset" 560
"../../../Engine/Content/EngineMaterials/EmissiveMeshMaterial.uexp" 561
"../../../Engine/Content/EngineFonts/RobotoDistanceField.uasset" 562
"../../../Engine/Content/EngineFonts/RobotoDistanceField.uexp" 563
"../../../Engine/Content/EngineMaterials/DefaultTextMaterialOpaque.uasset" 564
"../../../Engine/Content/EngineMaterials/DefaultTextMaterialOpaque.uexp" 565
"../../../Engine/Content/EngineMaterials/DefaultDiffuse.uasset" 566
"../../../Engine/Content/EngineMaterials/DefaultDiffuse.ubulk" 567
"../../../Engine/Content/EngineMaterials/DefaultDiffuse.uexp" 568
"../../../Engine/Content/Functions/Engine_MaterialFunctions02/Utility/BreakOutFloat2Components.uasset" 569
"../../../Engine/Content/Functions/Engine_MaterialFunctions02/Utility/BreakOutFloat2Components.uexp" 570
"../../../Engine/Content/EngineMaterials/DefaultPostProcessMaterial.uasset" 571
"../../../Engine/Content/EngineMaterials/DefaultPostProcessMaterial.uexp" 572
"../../../Engine/Content/EngineMaterials/DefaultPhysicalMaterial.uasset" 573
"../../../Engine/Content/EngineMaterials/DefaultPhysicalMaterial.uexp" 574
"../../../Engine/Content/EngineMaterials/DefaultLightFunctionMaterial.uasset" 575
"../../../Engine/Content/EngineMaterials/DefaultLightFunctionMaterial.uexp" 576
"../../../Engine/Content/EngineMaterials/DefaultDestructiblePhysicalMaterial.uasset" 577
"../../../Engine/Content/EngineMaterials/DefaultDestructiblePhysicalMaterial.uexp" 578
"../../../Engine/Content/EngineMaterials/DefaultDeferredDecalMaterial.uasset" 579
"../../../Engine/Content/EngineMaterials/DefaultDeferredDecalMaterial.uexp" 580
"../../../Engine/Content/EngineMaterials/DefaultBloomKernel.uasset" 581
"../../../Engine/Content/EngineMaterials/DefaultBloomKernel.uexp" 582
"../../../Engine/Content/EngineFonts/Faces/RobotoLight.uasset" 583
"../../../Engine/Content/EngineFonts/Faces/RobotoLight.ufont" 584
"../../../Engine/Content/EngineFonts/Faces/RobotoLight.uexp" 585
"../../../Engine/Content/EngineFonts/Faces/RobotoBold.uasset" 586
"../../../Engine/Content/EngineFonts/Faces/RobotoBold.ufont" 587
"../../../Engine/Content/EngineFonts/Faces/RobotoBold.uexp" 588
"../../../Engine/Content/EngineFonts/Faces/RobotoRegular.uasset" 589
"../../../Engine/Content/EngineFonts/Faces/RobotoRegular.ufont" 590
"../../../Engine/Content/EngineFonts/Faces/RobotoRegular.uexp" 591
"../../../Engine/Content/EngineFonts/Faces/DroidSansFallback.uasset" 592
"../../../Engine/Content/EngineFonts/Faces/DroidSansFallback.ufont" 593
"../../../Engine/Content/EngineFonts/Faces/DroidSansFallback.uexp" 594
"../../../Engine/Content/EngineFonts/Faces/RobotoItalic.uasset" 595
"../../../Engine/Content/EngineFonts/Faces/RobotoItalic.ufont" 596
"../../../Engine/Content/EngineFonts/Faces/RobotoItalic.uexp" 597
"../../../Engine/Content/EngineFonts/Faces/RobotoBoldItalic.uasset" 598
"../../../Engine/Content/EngineFonts/Faces/RobotoBoldItalic.ufont" 599
"../../../Engine/Content/EngineFonts/Faces/RobotoBoldItalic.uexp" 600
"../../../Engine/Content/EngineFonts/Roboto.uasset" 601
"../../../Engine/Content/EngineFonts/Roboto.uexp" 602
"../../../Engine/Content/EngineDebugMaterials/VolumeToRender.uasset" 603
"../../../Engine/Content/EngineDebugMaterials/VolumeToRender.uexp" 604
"../../../Engine/Content/EngineDebugMaterials/M_VolumeRenderSphereTracePP.uasset" 605
"../../../Engine/Content/EngineDebugMaterials/M_VolumeRenderSphereTracePP.uexp" 606
"../../../Engine/Content/EngineDebugMaterials/M_SimpleUnlitTranslucent.uasset" 607
"../../../Engine/Content/EngineDebugMaterials/M_SimpleUnlitTranslucent.uexp" 608
"../../../Engine/Content/EngineDebugMaterials/DebugMeshMaterial.uasset" 609
"../../../Engine/Content/EngineDebugMaterials/DebugMeshMaterial.uexp" 610
"../../../Engine/Content/EngineDebugMaterials/DebugEditorMaterial.uasset" 611
"../../../Engine/Content/EngineDebugMaterials/DebugEditorMaterial.uexp" 612
"../../../Engine/Content/EngineDamageTypes/DmgTypeBP_Environmental.uasset" 613
"../../../Engine/Content/EngineDamageTypes/DmgTypeBP_Environmental.uexp" 614
"../../../Engine/Content/EditorResources/S_Terrain.uasset" 615
"../../../Engine/Content/EditorResources/S_Terrain.ubulk" 616
"../../../Engine/Content/EditorResources/S_Terrain.uexp" 617
"../../../Engine/Content/EditorResources/EmptyActor.uasset" 618
"../../../Engine/Content/EditorResources/EmptyActor.uexp" 619
"../../../Engine/Content/EditorResources/BSPVertex.uasset" 620
"../../../Engine/Content/EditorResources/BSPVertex.uexp" 621
"../../../Engine/Content/EditorMaterials/PreviewShadowIndicator.uasset" 622
"../../../Engine/Content/EditorMaterials/PreviewShadowIndicator.ubulk" 623
"../../../Engine/Content/EditorMaterials/PreviewShadowIndicator.uexp" 624
"../../../Engine/Content/EditorMaterials/PreviewShadowIndicatorMaterial.uasset" 625
"../../../Engine/Content/EditorMaterials/PreviewShadowIndicatorMaterial.uexp" 626
"../../../Engine/Content/EditorMaterials/PhAT_UnselectedMaterial.uasset" 627
"../../../Engine/Content/EditorMaterials/PhAT_UnselectedMaterial.uexp" 628
"../../../Engine/Content/EditorMaterials/PhAT_NoCollisionMaterial.uasset" 629
"../../../Engine/Content/EditorMaterials/PhAT_NoCollisionMaterial.uexp" 630
"../../../Engine/Content/EditorLandscapeResources/DefaultAlphaTexture.uasset" 631
"../../../Engine/Content/EditorLandscapeResources/DefaultAlphaTexture.uexp" 632
"../../../Engine/Content/EditorLandscapeResources/DataLayer.uasset" 633
"../../../Engine/Content/EditorLandscapeResources/DataLayer.uexp" 634
"../../../Engine/Content/EngineMaterials/DefaultMaterial.uasset" 635
"../../../Engine/Content/EngineMaterials/DefaultMaterial.uexp" 636
"../../../Engine/Content/BasicShapes/Sphere.uasset" 637
"../../../Engine/Content/BasicShapes/Sphere.ubulk" 638
"../../../Engine/Content/BasicShapes/Sphere.uexp" 639
"../../../Engine/Content/BasicShapes/Cylinder.uasset" 640
"../../../Engine/Content/BasicShapes/Cylinder.ubulk" 641
"../../../Engine/Content/BasicShapes/Cylinder.uexp" 642
"../../../Engine/Content/BasicShapes/Cube.uasset" 643
"../../../Engine/Content/BasicShapes/Cube.ubulk" 644
"../../../Engine/Content/BasicShapes/Cube.uexp" 645
"../../../Engine/Content/BasicShapes/Cone.uasset" 646
"../../../Engine/Content/BasicShapes/Cone.ubulk" 647
"../../../Engine/Content/BasicShapes/Cone.uexp" 648
"../../../Engine/Content/BasicShapes/BasicShapeMaterial.uasset" 649
"../../../Engine/Content/BasicShapes/BasicShapeMaterial.uexp" 650
"../../../Engine/Content/Animation/DefaultVariableFrameStrippingSettings.uasset" 651
"../../../Engine/Content/Animation/DefaultVariableFrameStrippingSettings.uexp" 652
"../../../Engine/Content/Animation/DefaultRecorderBoneCompression.uasset" 653
"../../../Engine/Content/Animation/DefaultRecorderBoneCompression.uexp" 654
"D:/Unreal/EDU-ARTour/EDU-ARTour/EDUARTour/Content/WebDevelopment/Sunny-INF1D/SunnyDBluePrint.uasset" 655
"D:/Unreal/EDU-ARTour/EDU-ARTour/EDUARTour/Content/WebDevelopment/Sunny-INF1D/SunnyDBluePrint.uexp" 656
"D:/Unreal/EDU-ARTour/EDU-ARTour/EDUARTour/Content/WebDevelopment/Oui-INF1B/OuiBluePrint.uasset" 657
"D:/Unreal/EDU-ARTour/EDU-ARTour/EDUARTour/Content/WebDevelopment/Oui-INF1B/OuiBluePrint.uexp" 658
"D:/Unreal/EDU-ARTour/EDU-ARTour/EDUARTour/Content/WebDevelopment/Laptop/LaptopScreenEmiGloss.uasset" 659
"D:/Unreal/EDU-ARTour/EDU-ARTour/EDUARTour/Content/WebDevelopment/Laptop/LaptopScreenEmiGloss.ubulk" 660
"D:/Unreal/EDU-ARTour/EDU-ARTour/EDUARTour/Content/WebDevelopment/Laptop/LaptopScreenEmiGloss.uexp" 661
"D:/Unreal/EDU-ARTour/EDU-ARTour/EDUARTour/Content/WebDevelopment/Laptop/LaptopFrameEmi.uasset" 662
"D:/Unreal/EDU-ARTour/EDU-ARTour/EDUARTour/Content/WebDevelopment/Laptop/LaptopFrameEmi.ubulk" 663
"D:/Unreal/EDU-ARTour/EDU-ARTour/EDUARTour/Content/WebDevelopment/Laptop/LaptopFrameEmi.uexp" 664
"D:/Unreal/EDU-ARTour/EDU-ARTour/EDUARTour/Content/WebDevelopment/Circle-Solutions-INF1A/CircleSolutionsBluePrint.uasset" 665
"D:/Unreal/EDU-ARTour/EDU-ARTour/EDUARTour/Content/WebDevelopment/Circle-Solutions-INF1A/CircleSolutionsBluePrint.uexp" 666
"D:/Unreal/EDU-ARTour/EDU-ARTour/EDUARTour/Content/Database/Arrow/arrow.uasset" 667
"D:/Unreal/EDU-ARTour/EDU-ARTour/EDUARTour/Content/Database/Arrow/arrow.ubulk" 668
"D:/Unreal/EDU-ARTour/EDU-ARTour/EDUARTour/Content/Database/Arrow/arrow.uexp" 669
"../../../Engine/Content/Functions/Engine_MaterialFunctions02/Math/AddComponents.uasset" 670
"../../../Engine/Content/Functions/Engine_MaterialFunctions02/Math/AddComponents.uexp" 671
"../../../Engine/Content/Functions/Engine_MaterialFunctions01/Texturing/FlattenNormal.uasset" 672
"../../../Engine/Content/Functions/Engine_MaterialFunctions01/Texturing/FlattenNormal.uexp" 673
"../../../Engine/Content/EngineSky/VolumetricClouds/CloudWeatherTexture.uasset" 674
"../../../Engine/Content/EngineSky/VolumetricClouds/CloudWeatherTexture.uexp" 675
"../../../Engine/Content/Functions/Engine_MaterialFunctions02/Utility/MakeFloat2.uasset" 676
"../../../Engine/Content/Functions/Engine_MaterialFunctions02/Utility/MakeFloat2.uexp" 677
"../../../Engine/Content/EngineSky/VolumetricClouds/CloudGradientTexture.uasset" 678
"../../../Engine/Content/EngineSky/VolumetricClouds/CloudGradientTexture.uexp" 679
"../../../Engine/Content/EngineSky/VolumetricClouds/T_NoiseShape64.uasset" 680
"../../../Engine/Content/EngineSky/VolumetricClouds/T_NoiseShape64.ubulk" 681
"../../../Engine/Content/EngineSky/VolumetricClouds/T_NoiseShape64.uexp" 682
"../../../Engine/Content/EngineSky/VolumetricClouds/T_VolumeNoiseShape64.uasset" 683
"../../../Engine/Content/EngineSky/VolumetricClouds/T_VolumeNoiseShape64.uexp" 684
"../../../Engine/Content/EngineSky/VolumetricClouds/T_NoiseErosion.uasset" 685
"../../../Engine/Content/EngineSky/VolumetricClouds/T_NoiseErosion.ubulk" 686
"../../../Engine/Content/EngineSky/VolumetricClouds/T_NoiseErosion.uexp" 687
"../../../Engine/Content/EngineSky/VolumetricClouds/T_VolumeNoiseErosion32.uasset" 688
"../../../Engine/Content/EngineSky/VolumetricClouds/T_VolumeNoiseErosion32.uexp" 689
"../../../Engine/Content/EngineSky/VolumetricClouds/m_SimpleVolumetricCloud.uasset" 690
"../../../Engine/Content/EngineSky/VolumetricClouds/m_SimpleVolumetricCloud.uexp" 691
"../../../Engine/Content/EngineSky/VolumetricClouds/m_SimpleVolumetricCloud_Inst.uasset" 692
"../../../Engine/Content/EngineSky/VolumetricClouds/m_SimpleVolumetricCloud_Inst.uexp" 693
"../../../Engine/Content/EngineResources/FilmGrains/Marcie_Grain_v3_128_M2_000.uasset" 694
"../../../Engine/Content/EngineResources/FilmGrains/Marcie_Grain_v3_128_M2_000.uexp" 695
"../../../Engine/Content/EditorResources/SequenceRecorder/RecordingIndicator.uasset" 696
"../../../Engine/Content/EditorResources/SequenceRecorder/RecordingIndicator.uexp" 697
"../../../Engine/Content/EditorResources/SequenceRecorder/Countdown.uasset" 698
"../../../Engine/Content/EditorResources/SequenceRecorder/Countdown.uexp" 699
"../../../Engine/Content/EditorMaterials/Dataflow/DataflowVertexMaterial.uasset" 700
"../../../Engine/Content/EditorMaterials/Dataflow/DataflowVertexMaterial.uexp" 701
"../../../Engine/Content/Functions/Engine_MaterialFunctions01/Shading/PowerToRoughness.uasset" 702
"../../../Engine/Content/Functions/Engine_MaterialFunctions01/Shading/PowerToRoughness.uexp" 703
"../../../Engine/Content/Functions/Engine_MaterialFunctions01/Shading/ConvertFromDiffSpec.uasset" 704
"../../../Engine/Content/Functions/Engine_MaterialFunctions01/Shading/ConvertFromDiffSpec.uexp" 705
"../../../Engine/Content/EngineMaterials/Substrate/Volume/SubstrateSimpleVolumeLUT3D.uasset" 706
"../../../Engine/Content/EngineMaterials/Substrate/Volume/SubstrateSimpleVolumeLUT3D.uexp" 707
"../../../Engine/Content/EngineMaterials/Substrate/Volume/SubstrateSimpleVolumeEnvLUT3D.uasset" 708
"../../../Engine/Content/EngineMaterials/Substrate/Volume/SubstrateSimpleVolumeEnvLUT3D.uexp" 709
"../../../Engine/Content/EngineMaterials/Substrate/GLints2/AGlintTex2dArray2.uasset" 710
"../../../Engine/Content/EngineMaterials/Substrate/GLints2/AGlintTex2dArray2.uexp" 711
"../../../Engine/Content/EngineMaterials/Substrate/GLints/AGlintTex2dArray.uasset" 712
"../../../Engine/Content/EngineMaterials/Substrate/GLints/AGlintTex2dArray.uexp" 713
"D:/Unreal/EDU-ARTour/EDU-ARTour/EDUARTour/Content/WebDevelopment/Laptop/LaptopScreenTexture.uasset" 714
"D:/Unreal/EDU-ARTour/EDU-ARTour/EDUARTour/Content/WebDevelopment/Laptop/LaptopScreenTexture.ubulk" 715
"D:/Unreal/EDU-ARTour/EDU-ARTour/EDUARTour/Content/WebDevelopment/Laptop/LaptopScreenTexture.uexp" 716
"D:/Unreal/EDU-ARTour/EDU-ARTour/EDUARTour/Content/WebDevelopment/Laptop/ComputerScreen.uasset" 717
"D:/Unreal/EDU-ARTour/EDU-ARTour/EDUARTour/Content/WebDevelopment/Laptop/ComputerScreen.uexp" 718
"D:/Unreal/EDU-ARTour/EDU-ARTour/EDUARTour/Content/WebDevelopment/Laptop/Laptop_Screen.uasset" 719
"D:/Unreal/EDU-ARTour/EDU-ARTour/EDUARTour/Content/WebDevelopment/Laptop/Laptop_Screen.ubulk" 720
"D:/Unreal/EDU-ARTour/EDU-ARTour/EDUARTour/Content/WebDevelopment/Laptop/Laptop_Screen.uexp" 721
"../../../Engine/Content/BasicShapes/Plane.uasset" 722
"../../../Engine/Content/BasicShapes/Plane.ubulk" 723
"../../../Engine/Content/BasicShapes/Plane.uexp" 724
"D:/Unreal/EDU-ARTour/EDU-ARTour/EDUARTour/Content/UnlitDefault.uasset" 725
"D:/Unreal/EDU-ARTour/EDU-ARTour/EDUARTour/Content/UnlitDefault.uexp" 726
"D:/Unreal/EDU-ARTour/EDU-ARTour/EDUARTour/Content/WebDevelopment/WebDevText.uasset" 727
"D:/Unreal/EDU-ARTour/EDU-ARTour/EDUARTour/Content/WebDevelopment/WebDevText.uexp" 728
"D:/Unreal/EDU-ARTour/EDU-ARTour/EDUARTour/Content/WebDevelopment/Sunny-INF1D/Sunny-INF-1D_resized.uasset" 729
"D:/Unreal/EDU-ARTour/EDU-ARTour/EDUARTour/Content/WebDevelopment/Sunny-INF1D/Sunny-INF-1D_resized.uexp" 730
"D:/Unreal/EDU-ARTour/EDU-ARTour/EDUARTour/Content/WebDevelopment/Sunny-INF1D/SunnyDScrollLayOut.uasset" 731
"D:/Unreal/EDU-ARTour/EDU-ARTour/EDUARTour/Content/WebDevelopment/Sunny-INF1D/SunnyDScrollLayOut.uexp" 732
"D:/Unreal/EDU-ARTour/EDU-ARTour/EDUARTour/Content/WebDevelopment/Oui-INF1B/Oui-INF1B_resized.uasset" 733
"D:/Unreal/EDU-ARTour/EDU-ARTour/EDUARTour/Content/WebDevelopment/Oui-INF1B/Oui-INF1B_resized.uexp" 734
"D:/Unreal/EDU-ARTour/EDU-ARTour/EDUARTour/Content/WebDevelopment/Oui-INF1B/OuiScrollLayOut.uasset" 735
"D:/Unreal/EDU-ARTour/EDU-ARTour/EDUARTour/Content/WebDevelopment/Oui-INF1B/OuiScrollLayOut.uexp" 736
"D:/Unreal/EDU-ARTour/EDU-ARTour/EDUARTour/Content/WebDevelopment/Laptop/LaptopFrameTexture.uasset" 737
"D:/Unreal/EDU-ARTour/EDU-ARTour/EDUARTour/Content/WebDevelopment/Laptop/LaptopFrameTexture.ubulk" 738
"D:/Unreal/EDU-ARTour/EDU-ARTour/EDUARTour/Content/WebDevelopment/Laptop/LaptopFrameTexture.uexp" 739
"D:/Unreal/EDU-ARTour/EDU-ARTour/EDUARTour/Content/WebDevelopment/Laptop/ComputerFrame.uasset" 740
"D:/Unreal/EDU-ARTour/EDU-ARTour/EDUARTour/Content/WebDevelopment/Laptop/ComputerFrame.uexp" 741
"D:/Unreal/EDU-ARTour/EDU-ARTour/EDUARTour/Content/WebDevelopment/Laptop/Laptop_Frame.uasset" 742
"D:/Unreal/EDU-ARTour/EDU-ARTour/EDUARTour/Content/WebDevelopment/Laptop/Laptop_Frame.ubulk" 743
"D:/Unreal/EDU-ARTour/EDU-ARTour/EDUARTour/Content/WebDevelopment/Laptop/Laptop_Frame.uexp" 744
"D:/Unreal/EDU-ARTour/EDU-ARTour/EDUARTour/Content/WebDevelopment/Circle-Solutions-INF1A/CircleSolutions-INF1A_resized.uasset" 745
"D:/Unreal/EDU-ARTour/EDU-ARTour/EDUARTour/Content/WebDevelopment/Circle-Solutions-INF1A/CircleSolutions-INF1A_resized.uexp" 746
"D:/Unreal/EDU-ARTour/EDU-ARTour/EDUARTour/Content/WebDevelopment/Circle-Solutions-INF1A/CircleSolutionsScrollLayOut.uasset" 747
"D:/Unreal/EDU-ARTour/EDU-ARTour/EDUARTour/Content/WebDevelopment/Circle-Solutions-INF1A/CircleSolutionsScrollLayOut.uexp" 748
"D:/Unreal/EDU-ARTour/EDU-ARTour/EDUARTour/Content/Arrows/ArrowEduArTour.uasset" 749
"D:/Unreal/EDU-ARTour/EDU-ARTour/EDUARTour/Content/Arrows/ArrowEduArTour.ubulk" 750
"D:/Unreal/EDU-ARTour/EDU-ARTour/EDUARTour/Content/Arrows/ArrowEduArTour.uexp" 751
"D:/Unreal/EDU-ARTour/EDU-ARTour/EDUARTour/Content/Arrows/arrowColor.uasset" 752
"D:/Unreal/EDU-ARTour/EDU-ARTour/EDUARTour/Content/Arrows/arrowColor.uexp" 753
"D:/Unreal/EDU-ARTour/EDU-ARTour/EDUARTour/Content/Battlebot/BattleBotText.uasset" 754
"D:/Unreal/EDU-ARTour/EDU-ARTour/EDUARTour/Content/Battlebot/BattleBotText.uexp" 755
"D:/Unreal/EDU-ARTour/EDU-ARTour/EDUARTour/Content/Database/DatabaseText.uasset" 756
"D:/Unreal/EDU-ARTour/EDU-ARTour/EDUARTour/Content/Database/DatabaseText.uexp" 757
"D:/Unreal/EDU-ARTour/EDU-ARTour/EDUARTour/Content/Arrows/ArrowBP.uasset" 758
"D:/Unreal/EDU-ARTour/EDU-ARTour/EDUARTour/Content/Arrows/ArrowBP.uexp" 759
"D:/Unreal/EDU-ARTour/EDU-ARTour/EDUARTour/Content/Database/Server/Material_001.uasset" 760
"D:/Unreal/EDU-ARTour/EDU-ARTour/EDUARTour/Content/Database/Server/Material_001.uexp" 761
"D:/Unreal/EDU-ARTour/EDU-ARTour/EDUARTour/Content/Database/Server/Material_005.uasset" 762
"D:/Unreal/EDU-ARTour/EDU-ARTour/EDUARTour/Content/Database/Server/Material_005.uexp" 763
"D:/Unreal/EDU-ARTour/EDU-ARTour/EDUARTour/Content/Database/Server/Material_003.uasset" 764
"D:/Unreal/EDU-ARTour/EDU-ARTour/EDUARTour/Content/Database/Server/Material_003.uexp" 765
"D:/Unreal/EDU-ARTour/EDU-ARTour/EDUARTour/Content/Database/Server/Material_004.uasset" 766
"D:/Unreal/EDU-ARTour/EDU-ARTour/EDUARTour/Content/Database/Server/Material_004.uexp" 767
"D:/Unreal/EDU-ARTour/EDU-ARTour/EDUARTour/Content/Database/Server/Material_002.uasset" 768
"D:/Unreal/EDU-ARTour/EDU-ARTour/EDUARTour/Content/Database/Server/Material_002.uexp" 769
"D:/Unreal/EDU-ARTour/EDU-ARTour/EDUARTour/Content/Database/Server/server2_0.uasset" 770
"D:/Unreal/EDU-ARTour/EDU-ARTour/EDUARTour/Content/Database/Server/server2_0.ubulk" 771
"D:/Unreal/EDU-ARTour/EDU-ARTour/EDUARTour/Content/Database/Server/server2_0.uexp" 772
"D:/Unreal/EDU-ARTour/EDU-ARTour/EDUARTour/Content/Main.umap" 773
"D:/Unreal/EDU-ARTour/EDU-ARTour/EDUARTour/Content/Main.uexp" 774
"D:/Unreal/EDU-ARTour/EDU-ARTour/EDUARTour/Content/WebDevelopment/WebDev.umap" 775
"D:/Unreal/EDU-ARTour/EDU-ARTour/EDUARTour/Content/WebDevelopment/WebDev.uexp" 776
"D:/Unreal/EDU-ARTour/EDU-ARTour/EDUARTour/Content/Database/Server2/ServerBP.uasset" 777
"D:/Unreal/EDU-ARTour/EDU-ARTour/EDUARTour/Content/Database/Server2/ServerBP.uexp" 778
"D:/Unreal/EDU-ARTour/EDU-ARTour/EDUARTour/Content/Database/Arrow/ArrowBP.uasset" 779
"D:/Unreal/EDU-ARTour/EDU-ARTour/EDUARTour/Content/Database/Arrow/ArrowBP.uexp" 780
"D:/Unreal/EDU-ARTour/EDU-ARTour/EDUARTour/Content/Database/Server2/Blue_Plastic.uasset" 781
"D:/Unreal/EDU-ARTour/EDU-ARTour/EDUARTour/Content/Database/Server2/Blue_Plastic.uexp" 782
"D:/Unreal/EDU-ARTour/EDU-ARTour/EDUARTour/Content/Database/Server2/blue_light.uasset" 783
"D:/Unreal/EDU-ARTour/EDU-ARTour/EDUARTour/Content/Database/Server2/blue_light.uexp" 784
"D:/Unreal/EDU-ARTour/EDU-ARTour/EDUARTour/Content/Database/Server2/21_-_Default.uasset" 785
"D:/Unreal/EDU-ARTour/EDU-ARTour/EDUARTour/Content/Database/Server2/21_-_Default.uexp" 786
"D:/Unreal/EDU-ARTour/EDU-ARTour/EDUARTour/Content/Database/Server2/Ribbon_Cable.uasset" 787
"D:/Unreal/EDU-ARTour/EDU-ARTour/EDUARTour/Content/Database/Server2/Ribbon_Cable.uexp" 788
"D:/Unreal/EDU-ARTour/EDU-ARTour/EDUARTour/Content/Database/Server2/Black_Metal_Plate.uasset" 789
"D:/Unreal/EDU-ARTour/EDU-ARTour/EDUARTour/Content/Database/Server2/Black_Metal_Plate.uexp" 790
"D:/Unreal/EDU-ARTour/EDU-ARTour/EDUARTour/Content/Database/Server2/Chrome.uasset" 791
"D:/Unreal/EDU-ARTour/EDU-ARTour/EDUARTour/Content/Database/Server2/Chrome.uexp" 792
"D:/Unreal/EDU-ARTour/EDU-ARTour/EDUARTour/Content/Database/Server2/Screws.uasset" 793
"D:/Unreal/EDU-ARTour/EDU-ARTour/EDUARTour/Content/Database/Server2/Screws.uexp" 794
"D:/Unreal/EDU-ARTour/EDU-ARTour/EDUARTour/Content/Database/Server2/Metal.uasset" 795
"D:/Unreal/EDU-ARTour/EDU-ARTour/EDUARTour/Content/Database/Server2/Metal.uexp" 796
"D:/Unreal/EDU-ARTour/EDU-ARTour/EDUARTour/Content/Database/Server2/Server.uasset" 797
"D:/Unreal/EDU-ARTour/EDU-ARTour/EDUARTour/Content/Database/Server2/Server.ubulk" 798
"D:/Unreal/EDU-ARTour/EDU-ARTour/EDUARTour/Content/Database/Server2/Server.uexp" 799
"D:/Unreal/EDU-ARTour/EDU-ARTour/EDUARTour/Content/Database/Database.umap" 800
"D:/Unreal/EDU-ARTour/EDU-ARTour/EDUARTour/Content/Database/Database.uexp" 801
"D:/Unreal/EDU-ARTour/EDU-ARTour/EDUARTour/Content/Battlebot/Battlebot.umap" 802
"D:/Unreal/EDU-ARTour/EDU-ARTour/EDUARTour/Content/Battlebot/Battlebot.uexp" 803
"../../../Engine/Content/Maps/Entry_BuiltData.uasset" 804
"../../../Engine/Content/Maps/Entry_BuiltData.uexp" 805
"../../../Engine/Content/Maps/Entry.umap" 806
"../../../Engine/Content/Maps/Entry.uexp" 807
